Terminals unused in grammar

   CALLOUT
   VOID
   TRUE
   FALSE
   DECIMAL
   END
   ENDL
   TCASSIGNMENT
   TCEQ
   TCNE
   TCLT
   TCLE
   TCGT
   TCGE
   TCLP
   TCRP
   TCOMMA
   TCDOT
   ADDITION
   SUBTRACTION
   MULTIPLICATION
   DIVISION


Grammar

    0 $accept: program $end

    1 program: CLASS PROGRAM TCLB DeclList TCRB

    2 DeclList: DeclList Decl
    3         | Decl

    4 Decl: VarDecl
    5     | VarDeclSize

    6 VarDecl: BOOLEAN IDENTI TCSEMICOLON
    7        | INT IDENTI TCSEMICOLON
    8        | DOUBLE IDENTI TCSEMICOLON
    9        | STRING IDENTI TCSEMICOLON

   10 VarDeclSize: INT IDENTI TCSLB NUMBER TCSRB TCSEMICOLON
   11            | DOUBLE IDENTI TCSLB NUMBER TCSRB TCSEMICOLON
   12            | STRING IDENTI TCSLB NUMBER TCSRB TCSEMICOLON
   13            | BOOLEAN IDENTI TCSLB NUMBER TCSRB TCSEMICOLON


Terminals, with rules where they appear

$end (0) 0
error (256)
CLASS (258) 1
PROGRAM (259) 1
CALLOUT (260)
VOID (261)
TRUE (262)
FALSE (263)
DECIMAL (264)
END (265)
ENDL (266)
TCASSIGNMENT (267)
TCEQ (268)
TCNE (269)
TCLT (270)
TCLE (271)
TCGT (272)
TCGE (273)
TCLP (274)
TCRP (275)
TCLB (276) 1
TCRB (277) 1
TCSRB (278) 10 11 12 13
TCSLB (279) 10 11 12 13
TCOMMA (280)
TCDOT (281)
ADDITION (282)
SUBTRACTION (283)
MULTIPLICATION (284)
DIVISION (285)
INT (286) 7 10
NUMBER (287) 10 11 12 13
DOUBLE (288) 8 11
STRING (289) 9 12
IDENTI (290) 6 7 8 9 10 11 12 13
BOOLEAN (291) 6 13
TCSEMICOLON (292) 6 7 8 9 10 11 12 13


Nonterminals, with rules where they appear

$accept (38)
    on left: 0
program (39)
    on left: 1, on right: 0
DeclList (40)
    on left: 2 3, on right: 1 2
Decl (41)
    on left: 4 5, on right: 2 3
VarDecl (42)
    on left: 6 7 8 9, on right: 4
VarDeclSize (43)
    on left: 10 11 12 13, on right: 5


State 0

    0 $accept: . program $end

    CLASS  shift, and go to state 1

    program  go to state 2


State 1

    1 program: CLASS . PROGRAM TCLB DeclList TCRB

    PROGRAM  shift, and go to state 3


State 2

    0 $accept: program . $end

    $end  shift, and go to state 4


State 3

    1 program: CLASS PROGRAM . TCLB DeclList TCRB

    TCLB  shift, and go to state 5


State 4

    0 $accept: program $end .

    $default  accept


State 5

    1 program: CLASS PROGRAM TCLB . DeclList TCRB

    INT      shift, and go to state 6
    DOUBLE   shift, and go to state 7
    STRING   shift, and go to state 8
    BOOLEAN  shift, and go to state 9

    DeclList     go to state 10
    Decl         go to state 11
    VarDecl      go to state 12
    VarDeclSize  go to state 13


State 6

    7 VarDecl: INT . IDENTI TCSEMICOLON
   10 VarDeclSize: INT . IDENTI TCSLB NUMBER TCSRB TCSEMICOLON

    IDENTI  shift, and go to state 14


State 7

    8 VarDecl: DOUBLE . IDENTI TCSEMICOLON
   11 VarDeclSize: DOUBLE . IDENTI TCSLB NUMBER TCSRB TCSEMICOLON

    IDENTI  shift, and go to state 15


State 8

    9 VarDecl: STRING . IDENTI TCSEMICOLON
   12 VarDeclSize: STRING . IDENTI TCSLB NUMBER TCSRB TCSEMICOLON

    IDENTI  shift, and go to state 16


State 9

    6 VarDecl: BOOLEAN . IDENTI TCSEMICOLON
   13 VarDeclSize: BOOLEAN . IDENTI TCSLB NUMBER TCSRB TCSEMICOLON

    IDENTI  shift, and go to state 17


State 10

    1 program: CLASS PROGRAM TCLB DeclList . TCRB
    2 DeclList: DeclList . Decl

    TCRB     shift, and go to state 18
    INT      shift, and go to state 6
    DOUBLE   shift, and go to state 7
    STRING   shift, and go to state 8
    BOOLEAN  shift, and go to state 9

    Decl         go to state 19
    VarDecl      go to state 12
    VarDeclSize  go to state 13


State 11

    3 DeclList: Decl .

    $default  reduce using rule 3 (DeclList)


State 12

    4 Decl: VarDecl .

    $default  reduce using rule 4 (Decl)


State 13

    5 Decl: VarDeclSize .

    $default  reduce using rule 5 (Decl)


State 14

    7 VarDecl: INT IDENTI . TCSEMICOLON
   10 VarDeclSize: INT IDENTI . TCSLB NUMBER TCSRB TCSEMICOLON

    TCSLB        shift, and go to state 20
    TCSEMICOLON  shift, and go to state 21


State 15

    8 VarDecl: DOUBLE IDENTI . TCSEMICOLON
   11 VarDeclSize: DOUBLE IDENTI . TCSLB NUMBER TCSRB TCSEMICOLON

    TCSLB        shift, and go to state 22
    TCSEMICOLON  shift, and go to state 23


State 16

    9 VarDecl: STRING IDENTI . TCSEMICOLON
   12 VarDeclSize: STRING IDENTI . TCSLB NUMBER TCSRB TCSEMICOLON

    TCSLB        shift, and go to state 24
    TCSEMICOLON  shift, and go to state 25


State 17

    6 VarDecl: BOOLEAN IDENTI . TCSEMICOLON
   13 VarDeclSize: BOOLEAN IDENTI . TCSLB NUMBER TCSRB TCSEMICOLON

    TCSLB        shift, and go to state 26
    TCSEMICOLON  shift, and go to state 27


State 18

    1 program: CLASS PROGRAM TCLB DeclList TCRB .

    $default  reduce using rule 1 (program)


State 19

    2 DeclList: DeclList Decl .

    $default  reduce using rule 2 (DeclList)


State 20

   10 VarDeclSize: INT IDENTI TCSLB . NUMBER TCSRB TCSEMICOLON

    NUMBER  shift, and go to state 28


State 21

    7 VarDecl: INT IDENTI TCSEMICOLON .

    $default  reduce using rule 7 (VarDecl)


State 22

   11 VarDeclSize: DOUBLE IDENTI TCSLB . NUMBER TCSRB TCSEMICOLON

    NUMBER  shift, and go to state 29


State 23

    8 VarDecl: DOUBLE IDENTI TCSEMICOLON .

    $default  reduce using rule 8 (VarDecl)


State 24

   12 VarDeclSize: STRING IDENTI TCSLB . NUMBER TCSRB TCSEMICOLON

    NUMBER  shift, and go to state 30


State 25

    9 VarDecl: STRING IDENTI TCSEMICOLON .

    $default  reduce using rule 9 (VarDecl)


State 26

   13 VarDeclSize: BOOLEAN IDENTI TCSLB . NUMBER TCSRB TCSEMICOLON

    NUMBER  shift, and go to state 31


State 27

    6 VarDecl: BOOLEAN IDENTI TCSEMICOLON .

    $default  reduce using rule 6 (VarDecl)


State 28

   10 VarDeclSize: INT IDENTI TCSLB NUMBER . TCSRB TCSEMICOLON

    TCSRB  shift, and go to state 32


State 29

   11 VarDeclSize: DOUBLE IDENTI TCSLB NUMBER . TCSRB TCSEMICOLON

    TCSRB  shift, and go to state 33


State 30

   12 VarDeclSize: STRING IDENTI TCSLB NUMBER . TCSRB TCSEMICOLON

    TCSRB  shift, and go to state 34


State 31

   13 VarDeclSize: BOOLEAN IDENTI TCSLB NUMBER . TCSRB TCSEMICOLON

    TCSRB  shift, and go to state 35


State 32

   10 VarDeclSize: INT IDENTI TCSLB NUMBER TCSRB . TCSEMICOLON

    TCSEMICOLON  shift, and go to state 36


State 33

   11 VarDeclSize: DOUBLE IDENTI TCSLB NUMBER TCSRB . TCSEMICOLON

    TCSEMICOLON  shift, and go to state 37


State 34

   12 VarDeclSize: STRING IDENTI TCSLB NUMBER TCSRB . TCSEMICOLON

    TCSEMICOLON  shift, and go to state 38


State 35

   13 VarDeclSize: BOOLEAN IDENTI TCSLB NUMBER TCSRB . TCSEMICOLON

    TCSEMICOLON  shift, and go to state 39


State 36

   10 VarDeclSize: INT IDENTI TCSLB NUMBER TCSRB TCSEMICOLON .

    $default  reduce using rule 10 (VarDeclSize)


State 37

   11 VarDeclSize: DOUBLE IDENTI TCSLB NUMBER TCSRB TCSEMICOLON .

    $default  reduce using rule 11 (VarDeclSize)


State 38

   12 VarDeclSize: STRING IDENTI TCSLB NUMBER TCSRB TCSEMICOLON .

    $default  reduce using rule 12 (VarDeclSize)


State 39

   13 VarDeclSize: BOOLEAN IDENTI TCSLB NUMBER TCSRB TCSEMICOLON .

    $default  reduce using rule 13 (VarDeclSize)
